2024/11/21 00:59:46 - mmengine - INFO - 
------------------------------------------------------------
System environment:
    sys.platform: linux
    Python: 3.10.15 (main, Oct  3 2024, 07:27:34) [GCC 11.2.0]
    CUDA available: True
    MUSA available: False
    numpy_random_seed: 89380319
    GPU 0: NVIDIA RTX A6000
    GPU 1,2: NVIDIA GeForce GTX 1080 Ti
    CUDA_HOME: /usr/local/cuda-11.3
    NVCC: Cuda compilation tools, release 11.3, V11.3.58
    GCC: gcc (Ubuntu 11.4.0-1ubuntu1~22.04) 11.4.0
    PyTorch: 1.12.1+cu113
    PyTorch compiling details: PyTorch built with:
  - GCC 9.3
  - C++ Version: 201402
  - Intel(R) oneAPI Math Kernel Library Version 2023.1-Product Build 20230303 for Intel(R) 64 architecture applications
  - Intel(R) MKL-DNN v2.6.0 (Git Hash 52b5f107dd9cf10910aaa19cb47f3abf9b349815)
  - OpenMP 201511 (a.k.a. OpenMP 4.5)
  - LAPACK is enabled (usually provided by MKL)
  - NNPACK is enabled
  - CPU capability usage: AVX2
  - CUDA Runtime 11.3
  - NVCC architecture flags: -gencode;arch=compute_37,code=sm_37;-gencode;arch=compute_50,code=sm_50;-gencode;arch=compute_60,code=sm_60;-gencode;arch=compute_70,code=sm_70;-gencode;arch=compute_75,code=sm_75;-gencode;arch=compute_80,code=sm_80;-gencode;arch=compute_86,code=sm_86
  - CuDNN 8.3.2  (built against CUDA 11.5)
  - Magma 2.5.2
  - Build settings: BLAS_INFO=mkl, BUILD_TYPE=Release, CUDA_VERSION=11.3, CUDNN_VERSION=8.3.2, CXX_COMPILER=/opt/rh/devtoolset-9/root/usr/bin/c++, CXX_FLAGS= -fabi-version=11 -Wno-deprecated -fvisibility-inlines-hidden -DUSE_PTHREADPOOL -fopenmp -DNDEBUG -DUSE_KINETO -DUSE_FBGEMM -DUSE_QNNPACK -DUSE_PYTORCH_QNNPACK -DUSE_XNNPACK -DSYMBOLICATE_MOBILE_DEBUG_HANDLE -DEDGE_PROFILER_USE_KINETO -O2 -fPIC -Wno-narrowing -Wall -Wextra -Werror=return-type -Wno-missing-field-initializers -Wno-type-limits -Wno-array-bounds -Wno-unknown-pragmas -Wno-unused-parameter -Wno-unused-function -Wno-unused-result -Wno-unused-local-typedefs -Wno-strict-overflow -Wno-strict-aliasing -Wno-error=deprecated-declarations -Wno-stringop-overflow -Wno-psabi -Wno-error=pedantic -Wno-error=redundant-decls -Wno-error=old-style-cast -fdiagnostics-color=always -faligned-new -Wno-unused-but-set-variable -Wno-maybe-uninitialized -fno-math-errno -fno-trapping-math -Werror=format -Werror=cast-function-type -Wno-stringop-overflow, LAPACK_INFO=mkl, PERF_WITH_AVX=1, PERF_WITH_AVX2=1, PERF_WITH_AVX512=1, TORCH_VERSION=1.12.1, USE_CUDA=ON, USE_CUDNN=ON, USE_EXCEPTION_PTR=1, USE_GFLAGS=OFF, USE_GLOG=OFF, USE_MKL=ON, USE_MKLDNN=OFF, USE_MPI=OFF, USE_NCCL=ON, USE_NNPACK=ON, USE_OPENMP=ON, USE_ROCM=OFF, 

    TorchVision: 0.13.1+cu113
    OpenCV: 4.10.0
    MMEngine: 0.10.4

Runtime environment:
    dist_cfg: {'backend': 'nccl'}
    seed: 89380319
    Distributed launcher: none
    Distributed training: False
    GPU number: 1
------------------------------------------------------------

2024/11/21 00:59:47 - mmengine - INFO - Config:
datainfo_path = 'data/KoNViD-1kinfo-original.mat'
default_hooks = None
default_scope = None
feature_path = 'metrics/video_quality_assessment/nn_based/gstvqa/GSTVQA/TCSVT_Release/GVQA_Release/VGG16_mean_std_features/VGG16_cat_features_KoNViD_original_resolution/'
log_level = 'INFO'
model = dict(type='core.VQAModel')
model_path = 'metrics/video_quality_assessment/nn_based/gstvqa/GSTVQA/TCSVT_Release/GVQA_Release/GVQA_Cross/models/training-all-data-GSTVQA-konvid-EXP0-best'
test_index = [
    0,
    1,
    2,
    3,
    4,
    5,
    6,
    7,
    8,
    9,
    10,
    11,
    12,
    13,
    14,
    15,
    16,
    17,
    18,
    19,
    20,
    21,
    22,
    23,
    24,
    25,
    26,
    27,
    28,
    29,
    30,
    31,
    32,
    33,
    34,
    35,
    36,
    37,
    38,
    39,
    40,
    41,
    42,
    43,
    44,
    45,
    46,
    47,
    48,
    49,
    50,
    51,
    52,
    53,
    54,
    55,
    56,
    57,
    58,
    59,
    60,
    61,
    62,
    63,
    64,
    65,
    66,
    67,
    68,
    69,
    70,
    71,
    72,
    73,
    74,
    75,
    76,
    77,
    78,
    79,
    80,
    81,
    82,
    83,
    84,
    85,
    86,
    87,
    88,
    89,
    90,
    91,
    92,
    93,
    94,
    95,
    96,
    97,
    98,
    99,
    100,
    101,
    102,
    103,
    104,
    105,
    106,
    107,
    108,
    109,
    110,
    111,
    112,
    113,
    114,
    115,
    116,
    117,
    118,
    119,
    120,
    121,
    122,
    123,
    124,
    125,
    126,
    127,
    128,
    129,
    130,
    131,
    132,
    133,
    134,
    135,
    136,
    137,
    138,
    139,
    140,
    141,
    142,
    143,
    144,
    145,
    146,
    147,
    148,
    149,
    150,
    151,
    152,
    153,
    154,
    155,
    156,
    157,
    158,
    159,
    160,
    161,
    162,
    163,
    164,
    165,
    166,
    167,
    168,
    169,
    170,
    171,
    172,
    173,
    174,
    175,
    176,
    177,
    178,
    179,
    180,
    181,
    182,
    183,
    184,
    185,
    186,
    187,
    188,
    189,
    190,
    191,
    192,
    193,
    194,
    195,
    196,
    197,
    198,
    199,
    200,
    201,
    202,
    203,
    204,
    205,
    206,
    207,
    208,
    209,
    210,
    211,
    212,
    213,
    214,
    215,
    216,
    217,
    218,
    219,
    220,
    221,
    222,
    223,
    224,
    225,
    226,
    227,
    228,
    229,
    230,
    231,
    232,
    233,
    234,
    235,
    236,
    237,
    238,
    239,
    240,
    241,
    242,
    243,
    244,
    245,
    246,
    247,
    248,
    249,
    250,
    251,
    252,
    253,
    254,
    255,
    256,
    257,
    258,
    259,
    260,
    261,
    262,
    263,
    264,
    265,
    266,
    267,
    268,
    269,
    270,
    271,
    272,
    273,
    274,
    275,
    276,
    277,
    278,
    279,
    280,
    281,
    282,
    283,
    284,
    285,
    286,
    287,
    288,
    289,
    290,
    291,
    292,
    293,
    294,
    295,
    296,
    297,
    298,
    299,
    300,
    301,
    302,
    303,
    304,
    305,
    306,
    307,
    308,
    309,
    310,
    311,
    312,
    313,
    314,
    315,
    316,
    317,
    318,
    319,
    320,
    321,
    322,
    323,
    324,
    325,
    326,
    327,
    328,
    329,
    330,
    331,
    332,
    333,
    334,
    335,
    336,
    337,
    338,
    339,
    340,
    341,
    342,
    343,
    344,
    345,
    346,
    347,
    348,
    349,
    350,
    351,
    352,
    353,
    354,
    355,
    356,
    357,
    358,
    359,
    360,
    361,
    362,
    363,
    364,
    365,
    366,
    367,
    368,
    369,
    370,
    371,
    372,
    373,
    374,
    375,
    376,
    377,
    378,
    379,
    380,
    381,
    382,
    383,
    384,
    385,
    386,
    387,
    388,
    389,
    390,
    391,
    392,
    393,
    394,
    395,
    396,
    397,
    398,
    399,
    400,
    401,
    402,
    403,
    404,
    405,
    406,
    407,
    408,
    409,
    410,
    411,
    412,
    413,
    414,
    415,
    416,
    417,
    418,
    419,
    420,
    421,
    422,
    423,
    424,
    425,
    426,
    427,
    428,
    429,
    430,
    431,
    432,
    433,
    434,
    435,
    436,
    437,
    438,
    439,
    440,
    441,
    442,
    443,
    444,
    445,
    446,
    447,
    448,
    449,
    450,
    451,
    452,
    453,
    454,
    455,
    456,
    457,
    458,
    459,
    460,
    461,
    462,
    463,
    464,
    465,
    466,
    467,
    468,
    469,
    470,
    471,
    472,
    473,
    474,
    475,
    476,
    477,
    478,
    479,
    480,
    481,
    482,
    483,
    484,
    485,
    486,
    487,
    488,
    489,
    490,
    491,
    492,
    493,
    494,
    495,
    496,
    497,
    498,
    499,
    500,
    501,
    502,
    503,
    504,
    505,
    506,
    507,
    508,
    509,
    510,
    511,
    512,
    513,
    514,
    515,
    516,
    517,
    518,
    519,
    520,
    521,
    522,
    523,
    524,
    525,
    526,
    527,
    528,
    529,
    530,
    531,
    532,
    533,
    534,
    535,
    536,
    537,
    538,
    539,
    540,
    541,
    542,
    543,
    544,
    545,
    546,
    547,
    548,
    549,
    550,
    551,
    552,
    553,
    554,
    555,
    556,
    557,
    558,
    559,
    560,
    561,
    562,
    563,
    564,
    565,
    566,
    567,
    568,
    569,
    570,
    571,
    572,
    573,
    574,
    575,
    576,
    577,
    578,
    579,
    580,
    581,
    582,
    583,
    584,
    585,
    586,
    587,
    588,
    589,
    590,
    591,
    592,
    593,
    594,
    595,
    596,
    597,
    598,
    599,
    600,
    601,
    602,
    603,
    604,
    605,
    606,
    607,
    608,
    609,
    610,
    611,
    612,
    613,
    614,
    615,
    616,
    617,
    618,
    619,
    620,
    621,
    622,
    623,
    624,
    625,
    626,
    627,
    628,
    629,
    630,
    631,
    632,
    633,
    634,
    635,
    636,
    637,
    638,
    639,
    640,
    641,
    642,
    643,
    644,
    645,
    646,
    647,
    648,
    649,
    650,
    651,
    652,
    653,
    654,
    655,
    656,
    657,
    658,
    659,
    660,
    661,
    662,
    663,
    664,
    665,
    666,
    667,
    668,
    669,
    670,
    671,
    672,
    673,
    674,
    675,
    676,
    677,
    678,
    679,
    680,
    681,
    682,
    683,
    684,
    685,
    686,
    687,
    688,
    689,
    690,
    691,
    692,
    693,
    694,
    695,
    696,
    697,
    698,
    699,
    700,
    701,
    702,
    703,
    704,
    705,
    706,
    707,
    708,
    709,
    710,
    711,
    712,
    713,
    714,
    715,
    716,
    717,
    718,
    719,
    720,
    721,
    722,
    723,
    724,
    725,
    726,
    727,
    728,
    729,
    730,
    731,
    732,
    733,
    734,
    735,
    736,
    737,
    738,
    739,
    740,
    741,
    742,
    743,
    744,
    745,
    746,
    747,
    748,
    749,
    750,
    751,
    752,
    753,
    754,
    755,
    756,
    757,
    758,
    759,
    760,
    761,
    762,
    763,
    764,
    765,
    766,
    767,
    768,
    769,
    770,
    771,
    772,
    773,
    774,
    775,
    776,
    777,
    778,
    779,
    780,
    781,
    782,
    783,
    784,
    785,
    786,
    787,
    788,
    789,
    790,
    791,
    792,
    793,
    794,
    795,
    796,
    797,
    798,
    799,
    800,
    801,
    802,
    803,
    804,
    805,
    806,
    807,
    808,
    809,
    810,
    811,
    812,
    813,
    814,
    815,
    816,
    817,
    818,
    819,
    820,
    821,
    822,
    823,
    824,
    825,
    826,
    827,
    828,
    829,
    830,
    831,
    832,
    833,
    834,
    835,
    836,
    837,
    838,
    839,
    840,
    841,
    842,
    843,
    844,
    845,
    846,
    847,
    848,
    849,
    850,
    851,
    852,
    853,
    854,
    855,
    856,
    857,
    858,
    859,
    860,
    861,
    862,
    863,
    864,
    865,
    866,
    867,
    868,
    869,
    870,
    871,
    872,
    873,
    874,
    875,
    876,
    877,
    878,
    879,
    880,
    881,
    882,
    883,
    884,
    885,
    886,
    887,
    888,
    889,
    890,
    891,
    892,
    893,
    894,
    895,
    896,
    897,
    898,
    899,
    900,
    901,
    902,
    903,
    904,
    905,
    906,
    907,
    908,
    909,
    910,
    911,
    912,
    913,
    914,
    915,
    916,
    917,
    918,
    919,
    920,
    921,
    922,
    923,
    924,
    925,
    926,
    927,
    928,
    929,
    930,
    931,
    932,
    933,
    934,
    935,
    936,
    937,
    938,
    939,
    940,
    941,
    942,
    943,
    944,
    945,
    946,
    947,
    948,
    949,
    950,
    951,
    952,
    953,
    954,
    955,
    956,
    957,
    958,
    959,
    960,
    961,
    962,
    963,
    964,
    965,
    966,
    967,
    968,
    969,
    970,
    971,
    972,
    973,
    974,
    975,
    976,
    977,
    978,
    979,
    980,
    981,
    982,
    983,
    984,
    985,
    986,
    987,
    988,
    989,
    990,
    991,
    992,
    993,
    994,
    995,
    996,
    997,
    998,
    999,
    1000,
    1001,
    1002,
    1003,
    1004,
    1005,
    1006,
    1007,
    1008,
    1009,
    1010,
    1011,
    1012,
    1013,
    1014,
    1015,
    1016,
    1017,
    1018,
    1019,
    1020,
    1021,
    1022,
    1023,
    1024,
    1025,
    1026,
    1027,
    1028,
    1029,
    1030,
    1031,
    1032,
    1033,
    1034,
    1035,
    1036,
    1037,
    1038,
    1039,
    1040,
    1041,
    1042,
    1043,
    1044,
    1045,
    1046,
    1047,
    1048,
    1049,
    1050,
    1051,
    1052,
    1053,
    1054,
    1055,
    1056,
    1057,
    1058,
    1059,
    1060,
    1061,
    1062,
    1063,
    1064,
    1065,
    1066,
    1067,
    1068,
    1069,
    1070,
    1071,
    1072,
    1073,
    1074,
    1075,
    1076,
    1077,
    1078,
    1079,
    1080,
    1081,
    1082,
    1083,
    1084,
    1085,
    1086,
    1087,
    1088,
    1089,
    1090,
    1091,
    1092,
    1093,
    1094,
    1095,
    1096,
    1097,
    1098,
    1099,
    1100,
    1101,
    1102,
    1103,
    1104,
    1105,
    1106,
    1107,
    1108,
    1109,
    1110,
    1111,
    1112,
    1113,
    1114,
    1115,
    1116,
    1117,
    1118,
    1119,
    1120,
    1121,
    1122,
    1123,
    1124,
    1125,
    1126,
    1127,
    1128,
    1129,
    1130,
    1131,
    1132,
    1133,
    1134,
    1135,
    1136,
    1137,
    1138,
    1139,
    1140,
    1141,
    1142,
    1143,
    1144,
    1145,
    1146,
    1147,
    1148,
    1149,
    1150,
    1151,
    1152,
    1153,
    1154,
    1155,
    1156,
    1157,
    1158,
    1159,
    1160,
    1161,
    1162,
    1163,
    1164,
    1165,
    1166,
    1167,
    1168,
    1169,
    1170,
    1171,
    1172,
    1173,
    1174,
    1175,
    1176,
    1177,
    1178,
    1179,
    1180,
    1181,
    1182,
    1183,
    1184,
    1185,
    1186,
    1187,
    1188,
    1189,
    1190,
    1191,
    1192,
    1193,
    1194,
    1195,
    1196,
    1197,
    1198,
    1199,
]
train_index = 4
val_cfg = dict(type='core.VQALoop')
val_dataloader = dict(
    batch_size=1,
    dataset=dict(
        datainfo_path='data/KoNViD-1kinfo-original.mat',
        feat_dim=2944,
        feature_dir=
        'metrics/video_quality_assessment/nn_based/gstvqa/GSTVQA/TCSVT_Release/GVQA_Release/VGG16_mean_std_features/VGG16_cat_features_KoNViD_original_resolution/',
        index=[
            0,
            1,
            2,
            3,
            4,
            5,
            6,
            7,
            8,
            9,
            10,
            11,
            12,
            13,
            14,
            15,
            16,
            17,
            18,
            19,
            20,
            21,
            22,
            23,
            24,
            25,
            26,
            27,
            28,
            29,
            30,
            31,
            32,
            33,
            34,
            35,
            36,
            37,
            38,
            39,
            40,
            41,
            42,
            43,
            44,
            45,
            46,
            47,
            48,
            49,
            50,
            51,
            52,
            53,
            54,
            55,
            56,
            57,
            58,
            59,
            60,
            61,
            62,
            63,
            64,
            65,
            66,
            67,
            68,
            69,
            70,
            71,
            72,
            73,
            74,
            75,
            76,
            77,
            78,
            79,
            80,
            81,
            82,
            83,
            84,
            85,
            86,
            87,
            88,
            89,
            90,
            91,
            92,
            93,
            94,
            95,
            96,
            97,
            98,
            99,
            100,
            101,
            102,
            103,
            104,
            105,
            106,
            107,
            108,
            109,
            110,
            111,
            112,
            113,
            114,
            115,
            116,
            117,
            118,
            119,
            120,
            121,
            122,
            123,
            124,
            125,
            126,
            127,
            128,
            129,
            130,
            131,
            132,
            133,
            134,
            135,
            136,
            137,
            138,
            139,
            140,
            141,
            142,
            143,
            144,
            145,
            146,
            147,
            148,
            149,
            150,
            151,
            152,
            153,
            154,
            155,
            156,
            157,
            158,
            159,
            160,
            161,
            162,
            163,
            164,
            165,
            166,
            167,
            168,
            169,
            170,
            171,
            172,
            173,
            174,
            175,
            176,
            177,
            178,
            179,
            180,
            181,
            182,
            183,
            184,
            185,
            186,
            187,
            188,
            189,
            190,
            191,
            192,
            193,
            194,
            195,
            196,
            197,
            198,
            199,
            200,
            201,
            202,
            203,
            204,
            205,
            206,
            207,
            208,
            209,
            210,
            211,
            212,
            213,
            214,
            215,
            216,
            217,
            218,
            219,
            220,
            221,
            222,
            223,
            224,
            225,
            226,
            227,
            228,
            229,
            230,
            231,
            232,
            233,
            234,
            235,
            236,
            237,
            238,
            239,
            240,
            241,
            242,
            243,
            244,
            245,
            246,
            247,
            248,
            249,
            250,
            251,
            252,
            253,
            254,
            255,
            256,
            257,
            258,
            259,
            260,
            261,
            262,
            263,
            264,
            265,
            266,
            267,
            268,
            269,
            270,
            271,
            272,
            273,
            274,
            275,
            276,
            277,
            278,
            279,
            280,
            281,
            282,
            283,
            284,
            285,
            286,
            287,
            288,
            289,
            290,
            291,
            292,
            293,
            294,
            295,
            296,
            297,
            298,
            299,
            300,
            301,
            302,
            303,
            304,
            305,
            306,
            307,
            308,
            309,
            310,
            311,
            312,
            313,
            314,
            315,
            316,
            317,
            318,
            319,
            320,
            321,
            322,
            323,
            324,
            325,
            326,
            327,
            328,
            329,
            330,
            331,
            332,
            333,
            334,
            335,
            336,
            337,
            338,
            339,
            340,
            341,
            342,
            343,
            344,
            345,
            346,
            347,
            348,
            349,
            350,
            351,
            352,
            353,
            354,
            355,
            356,
            357,
            358,
            359,
            360,
            361,
            362,
            363,
            364,
            365,
            366,
            367,
            368,
            369,
            370,
            371,
            372,
            373,
            374,
            375,
            376,
            377,
            378,
            379,
            380,
            381,
            382,
            383,
            384,
            385,
            386,
            387,
            388,
            389,
            390,
            391,
            392,
            393,
            394,
            395,
            396,
            397,
            398,
            399,
            400,
            401,
            402,
            403,
            404,
            405,
            406,
            407,
            408,
            409,
            410,
            411,
            412,
            413,
            414,
            415,
            416,
            417,
            418,
            419,
            420,
            421,
            422,
            423,
            424,
            425,
            426,
            427,
            428,
            429,
            430,
            431,
            432,
            433,
            434,
            435,
            436,
            437,
            438,
            439,
            440,
            441,
            442,
            443,
            444,
            445,
            446,
            447,
            448,
            449,
            450,
            451,
            452,
            453,
            454,
            455,
            456,
            457,
            458,
            459,
            460,
            461,
            462,
            463,
            464,
            465,
            466,
            467,
            468,
            469,
            470,
            471,
            472,
            473,
            474,
            475,
            476,
            477,
            478,
            479,
            480,
            481,
            482,
            483,
            484,
            485,
            486,
            487,
            488,
            489,
            490,
            491,
            492,
            493,
            494,
            495,
            496,
            497,
            498,
            499,
            500,
            501,
            502,
            503,
            504,
            505,
            506,
            507,
            508,
            509,
            510,
            511,
            512,
            513,
            514,
            515,
            516,
            517,
            518,
            519,
            520,
            521,
            522,
            523,
            524,
            525,
            526,
            527,
            528,
            529,
            530,
            531,
            532,
            533,
            534,
            535,
            536,
            537,
            538,
            539,
            540,
            541,
            542,
            543,
            544,
            545,
            546,
            547,
            548,
            549,
            550,
            551,
            552,
            553,
            554,
            555,
            556,
            557,
            558,
            559,
            560,
            561,
            562,
            563,
            564,
            565,
            566,
            567,
            568,
            569,
            570,
            571,
            572,
            573,
            574,
            575,
            576,
            577,
            578,
            579,
            580,
            581,
            582,
            583,
            584,
            585,
            586,
            587,
            588,
            589,
            590,
            591,
            592,
            593,
            594,
            595,
            596,
            597,
            598,
            599,
            600,
            601,
            602,
            603,
            604,
            605,
            606,
            607,
            608,
            609,
            610,
            611,
            612,
            613,
            614,
            615,
            616,
            617,
            618,
            619,
            620,
            621,
            622,
            623,
            624,
            625,
            626,
            627,
            628,
            629,
            630,
            631,
            632,
            633,
            634,
            635,
            636,
            637,
            638,
            639,
            640,
            641,
            642,
            643,
            644,
            645,
            646,
            647,
            648,
            649,
            650,
            651,
            652,
            653,
            654,
            655,
            656,
            657,
            658,
            659,
            660,
            661,
            662,
            663,
            664,
            665,
            666,
            667,
            668,
            669,
            670,
            671,
            672,
            673,
            674,
            675,
            676,
            677,
            678,
            679,
            680,
            681,
            682,
            683,
            684,
            685,
            686,
            687,
            688,
            689,
            690,
            691,
            692,
            693,
            694,
            695,
            696,
            697,
            698,
            699,
            700,
            701,
            702,
            703,
            704,
            705,
            706,
            707,
            708,
            709,
            710,
            711,
            712,
            713,
            714,
            715,
            716,
            717,
            718,
            719,
            720,
            721,
            722,
            723,
            724,
            725,
            726,
            727,
            728,
            729,
            730,
            731,
            732,
            733,
            734,
            735,
            736,
            737,
            738,
            739,
            740,
            741,
            742,
            743,
            744,
            745,
            746,
            747,
            748,
            749,
            750,
            751,
            752,
            753,
            754,
            755,
            756,
            757,
            758,
            759,
            760,
            761,
            762,
            763,
            764,
            765,
            766,
            767,
            768,
            769,
            770,
            771,
            772,
            773,
            774,
            775,
            776,
            777,
            778,
            779,
            780,
            781,
            782,
            783,
            784,
            785,
            786,
            787,
            788,
            789,
            790,
            791,
            792,
            793,
            794,
            795,
            796,
            797,
            798,
            799,
            800,
            801,
            802,
            803,
            804,
            805,
            806,
            807,
            808,
            809,
            810,
            811,
            812,
            813,
            814,
            815,
            816,
            817,
            818,
            819,
            820,
            821,
            822,
            823,
            824,
            825,
            826,
            827,
            828,
            829,
            830,
            831,
            832,
            833,
            834,
            835,
            836,
            837,
            838,
            839,
            840,
            841,
            842,
            843,
            844,
            845,
            846,
            847,
            848,
            849,
            850,
            851,
            852,
            853,
            854,
            855,
            856,
            857,
            858,
            859,
            860,
            861,
            862,
            863,
            864,
            865,
            866,
            867,
            868,
            869,
            870,
            871,
            872,
            873,
            874,
            875,
            876,
            877,
            878,
            879,
            880,
            881,
            882,
            883,
            884,
            885,
            886,
            887,
            888,
            889,
            890,
            891,
            892,
            893,
            894,
            895,
            896,
            897,
            898,
            899,
            900,
            901,
            902,
            903,
            904,
            905,
            906,
            907,
            908,
            909,
            910,
            911,
            912,
            913,
            914,
            915,
            916,
            917,
            918,
            919,
            920,
            921,
            922,
            923,
            924,
            925,
            926,
            927,
            928,
            929,
            930,
            931,
            932,
            933,
            934,
            935,
            936,
            937,
            938,
            939,
            940,
            941,
            942,
            943,
            944,
            945,
            946,
            947,
            948,
            949,
            950,
            951,
            952,
            953,
            954,
            955,
            956,
            957,
            958,
            959,
            960,
            961,
            962,
            963,
            964,
            965,
            966,
            967,
            968,
            969,
            970,
            971,
            972,
            973,
            974,
            975,
            976,
            977,
            978,
            979,
            980,
            981,
            982,
            983,
            984,
            985,
            986,
            987,
            988,
            989,
            990,
            991,
            992,
            993,
            994,
            995,
            996,
            997,
            998,
            999,
            1000,
            1001,
            1002,
            1003,
            1004,
            1005,
            1006,
            1007,
            1008,
            1009,
            1010,
            1011,
            1012,
            1013,
            1014,
            1015,
            1016,
            1017,
            1018,
            1019,
            1020,
            1021,
            1022,
            1023,
            1024,
            1025,
            1026,
            1027,
            1028,
            1029,
            1030,
            1031,
            1032,
            1033,
            1034,
            1035,
            1036,
            1037,
            1038,
            1039,
            1040,
            1041,
            1042,
            1043,
            1044,
            1045,
            1046,
            1047,
            1048,
            1049,
            1050,
            1051,
            1052,
            1053,
            1054,
            1055,
            1056,
            1057,
            1058,
            1059,
            1060,
            1061,
            1062,
            1063,
            1064,
            1065,
            1066,
            1067,
            1068,
            1069,
            1070,
            1071,
            1072,
            1073,
            1074,
            1075,
            1076,
            1077,
            1078,
            1079,
            1080,
            1081,
            1082,
            1083,
            1084,
            1085,
            1086,
            1087,
            1088,
            1089,
            1090,
            1091,
            1092,
            1093,
            1094,
            1095,
            1096,
            1097,
            1098,
            1099,
            1100,
            1101,
            1102,
            1103,
            1104,
            1105,
            1106,
            1107,
            1108,
            1109,
            1110,
            1111,
            1112,
            1113,
            1114,
            1115,
            1116,
            1117,
            1118,
            1119,
            1120,
            1121,
            1122,
            1123,
            1124,
            1125,
            1126,
            1127,
            1128,
            1129,
            1130,
            1131,
            1132,
            1133,
            1134,
            1135,
            1136,
            1137,
            1138,
            1139,
            1140,
            1141,
            1142,
            1143,
            1144,
            1145,
            1146,
            1147,
            1148,
            1149,
            1150,
            1151,
            1152,
            1153,
            1154,
            1155,
            1156,
            1157,
            1158,
            1159,
            1160,
            1161,
            1162,
            1163,
            1164,
            1165,
            1166,
            1167,
            1168,
            1169,
            1170,
            1171,
            1172,
            1173,
            1174,
            1175,
            1176,
            1177,
            1178,
            1179,
            1180,
            1181,
            1182,
            1183,
            1184,
            1185,
            1186,
            1187,
            1188,
            1189,
            1190,
            1191,
            1192,
            1193,
            1194,
            1195,
            1196,
            1197,
            1198,
            1199,
        ],
        max_len=500,
        type='datasets.GSTVQADataset'),
    drop_last=False,
    num_workers=2,
    persistent_workers=True,
    sampler=dict(shuffle=False, type='mmengine.dataset.DefaultSampler'))
val_evaluator = dict(
    datainfo_path='data/KoNViD-1kinfo-original.mat',
    metric_path='/metrics/video_quality_assessment/nn_based/gstvqa',
    model_path=
    'metrics/video_quality_assessment/nn_based/gstvqa/GSTVQA/TCSVT_Release/GVQA_Release/GVQA_Cross/models/training-all-data-GSTVQA-konvid-EXP0-best',
    test_index=[
        0,
        1,
        2,
        3,
        4,
        5,
        6,
        7,
        8,
        9,
        10,
        11,
        12,
        13,
        14,
        15,
        16,
        17,
        18,
        19,
        20,
        21,
        22,
        23,
        24,
        25,
        26,
        27,
        28,
        29,
        30,
        31,
        32,
        33,
        34,
        35,
        36,
        37,
        38,
        39,
        40,
        41,
        42,
        43,
        44,
        45,
        46,
        47,
        48,
        49,
        50,
        51,
        52,
        53,
        54,
        55,
        56,
        57,
        58,
        59,
        60,
        61,
        62,
        63,
        64,
        65,
        66,
        67,
        68,
        69,
        70,
        71,
        72,
        73,
        74,
        75,
        76,
        77,
        78,
        79,
        80,
        81,
        82,
        83,
        84,
        85,
        86,
        87,
        88,
        89,
        90,
        91,
        92,
        93,
        94,
        95,
        96,
        97,
        98,
        99,
        100,
        101,
        102,
        103,
        104,
        105,
        106,
        107,
        108,
        109,
        110,
        111,
        112,
        113,
        114,
        115,
        116,
        117,
        118,
        119,
        120,
        121,
        122,
        123,
        124,
        125,
        126,
        127,
        128,
        129,
        130,
        131,
        132,
        133,
        134,
        135,
        136,
        137,
        138,
        139,
        140,
        141,
        142,
        143,
        144,
        145,
        146,
        147,
        148,
        149,
        150,
        151,
        152,
        153,
        154,
        155,
        156,
        157,
        158,
        159,
        160,
        161,
        162,
        163,
        164,
        165,
        166,
        167,
        168,
        169,
        170,
        171,
        172,
        173,
        174,
        175,
        176,
        177,
        178,
        179,
        180,
        181,
        182,
        183,
        184,
        185,
        186,
        187,
        188,
        189,
        190,
        191,
        192,
        193,
        194,
        195,
        196,
        197,
        198,
        199,
        200,
        201,
        202,
        203,
        204,
        205,
        206,
        207,
        208,
        209,
        210,
        211,
        212,
        213,
        214,
        215,
        216,
        217,
        218,
        219,
        220,
        221,
        222,
        223,
        224,
        225,
        226,
        227,
        228,
        229,
        230,
        231,
        232,
        233,
        234,
        235,
        236,
        237,
        238,
        239,
        240,
        241,
        242,
        243,
        244,
        245,
        246,
        247,
        248,
        249,
        250,
        251,
        252,
        253,
        254,
        255,
        256,
        257,
        258,
        259,
        260,
        261,
        262,
        263,
        264,
        265,
        266,
        267,
        268,
        269,
        270,
        271,
        272,
        273,
        274,
        275,
        276,
        277,
        278,
        279,
        280,
        281,
        282,
        283,
        284,
        285,
        286,
        287,
        288,
        289,
        290,
        291,
        292,
        293,
        294,
        295,
        296,
        297,
        298,
        299,
        300,
        301,
        302,
        303,
        304,
        305,
        306,
        307,
        308,
        309,
        310,
        311,
        312,
        313,
        314,
        315,
        316,
        317,
        318,
        319,
        320,
        321,
        322,
        323,
        324,
        325,
        326,
        327,
        328,
        329,
        330,
        331,
        332,
        333,
        334,
        335,
        336,
        337,
        338,
        339,
        340,
        341,
        342,
        343,
        344,
        345,
        346,
        347,
        348,
        349,
        350,
        351,
        352,
        353,
        354,
        355,
        356,
        357,
        358,
        359,
        360,
        361,
        362,
        363,
        364,
        365,
        366,
        367,
        368,
        369,
        370,
        371,
        372,
        373,
        374,
        375,
        376,
        377,
        378,
        379,
        380,
        381,
        382,
        383,
        384,
        385,
        386,
        387,
        388,
        389,
        390,
        391,
        392,
        393,
        394,
        395,
        396,
        397,
        398,
        399,
        400,
        401,
        402,
        403,
        404,
        405,
        406,
        407,
        408,
        409,
        410,
        411,
        412,
        413,
        414,
        415,
        416,
        417,
        418,
        419,
        420,
        421,
        422,
        423,
        424,
        425,
        426,
        427,
        428,
        429,
        430,
        431,
        432,
        433,
        434,
        435,
        436,
        437,
        438,
        439,
        440,
        441,
        442,
        443,
        444,
        445,
        446,
        447,
        448,
        449,
        450,
        451,
        452,
        453,
        454,
        455,
        456,
        457,
        458,
        459,
        460,
        461,
        462,
        463,
        464,
        465,
        466,
        467,
        468,
        469,
        470,
        471,
        472,
        473,
        474,
        475,
        476,
        477,
        478,
        479,
        480,
        481,
        482,
        483,
        484,
        485,
        486,
        487,
        488,
        489,
        490,
        491,
        492,
        493,
        494,
        495,
        496,
        497,
        498,
        499,
        500,
        501,
        502,
        503,
        504,
        505,
        506,
        507,
        508,
        509,
        510,
        511,
        512,
        513,
        514,
        515,
        516,
        517,
        518,
        519,
        520,
        521,
        522,
        523,
        524,
        525,
        526,
        527,
        528,
        529,
        530,
        531,
        532,
        533,
        534,
        535,
        536,
        537,
        538,
        539,
        540,
        541,
        542,
        543,
        544,
        545,
        546,
        547,
        548,
        549,
        550,
        551,
        552,
        553,
        554,
        555,
        556,
        557,
        558,
        559,
        560,
        561,
        562,
        563,
        564,
        565,
        566,
        567,
        568,
        569,
        570,
        571,
        572,
        573,
        574,
        575,
        576,
        577,
        578,
        579,
        580,
        581,
        582,
        583,
        584,
        585,
        586,
        587,
        588,
        589,
        590,
        591,
        592,
        593,
        594,
        595,
        596,
        597,
        598,
        599,
        600,
        601,
        602,
        603,
        604,
        605,
        606,
        607,
        608,
        609,
        610,
        611,
        612,
        613,
        614,
        615,
        616,
        617,
        618,
        619,
        620,
        621,
        622,
        623,
        624,
        625,
        626,
        627,
        628,
        629,
        630,
        631,
        632,
        633,
        634,
        635,
        636,
        637,
        638,
        639,
        640,
        641,
        642,
        643,
        644,
        645,
        646,
        647,
        648,
        649,
        650,
        651,
        652,
        653,
        654,
        655,
        656,
        657,
        658,
        659,
        660,
        661,
        662,
        663,
        664,
        665,
        666,
        667,
        668,
        669,
        670,
        671,
        672,
        673,
        674,
        675,
        676,
        677,
        678,
        679,
        680,
        681,
        682,
        683,
        684,
        685,
        686,
        687,
        688,
        689,
        690,
        691,
        692,
        693,
        694,
        695,
        696,
        697,
        698,
        699,
        700,
        701,
        702,
        703,
        704,
        705,
        706,
        707,
        708,
        709,
        710,
        711,
        712,
        713,
        714,
        715,
        716,
        717,
        718,
        719,
        720,
        721,
        722,
        723,
        724,
        725,
        726,
        727,
        728,
        729,
        730,
        731,
        732,
        733,
        734,
        735,
        736,
        737,
        738,
        739,
        740,
        741,
        742,
        743,
        744,
        745,
        746,
        747,
        748,
        749,
        750,
        751,
        752,
        753,
        754,
        755,
        756,
        757,
        758,
        759,
        760,
        761,
        762,
        763,
        764,
        765,
        766,
        767,
        768,
        769,
        770,
        771,
        772,
        773,
        774,
        775,
        776,
        777,
        778,
        779,
        780,
        781,
        782,
        783,
        784,
        785,
        786,
        787,
        788,
        789,
        790,
        791,
        792,
        793,
        794,
        795,
        796,
        797,
        798,
        799,
        800,
        801,
        802,
        803,
        804,
        805,
        806,
        807,
        808,
        809,
        810,
        811,
        812,
        813,
        814,
        815,
        816,
        817,
        818,
        819,
        820,
        821,
        822,
        823,
        824,
        825,
        826,
        827,
        828,
        829,
        830,
        831,
        832,
        833,
        834,
        835,
        836,
        837,
        838,
        839,
        840,
        841,
        842,
        843,
        844,
        845,
        846,
        847,
        848,
        849,
        850,
        851,
        852,
        853,
        854,
        855,
        856,
        857,
        858,
        859,
        860,
        861,
        862,
        863,
        864,
        865,
        866,
        867,
        868,
        869,
        870,
        871,
        872,
        873,
        874,
        875,
        876,
        877,
        878,
        879,
        880,
        881,
        882,
        883,
        884,
        885,
        886,
        887,
        888,
        889,
        890,
        891,
        892,
        893,
        894,
        895,
        896,
        897,
        898,
        899,
        900,
        901,
        902,
        903,
        904,
        905,
        906,
        907,
        908,
        909,
        910,
        911,
        912,
        913,
        914,
        915,
        916,
        917,
        918,
        919,
        920,
        921,
        922,
        923,
        924,
        925,
        926,
        927,
        928,
        929,
        930,
        931,
        932,
        933,
        934,
        935,
        936,
        937,
        938,
        939,
        940,
        941,
        942,
        943,
        944,
        945,
        946,
        947,
        948,
        949,
        950,
        951,
        952,
        953,
        954,
        955,
        956,
        957,
        958,
        959,
        960,
        961,
        962,
        963,
        964,
        965,
        966,
        967,
        968,
        969,
        970,
        971,
        972,
        973,
        974,
        975,
        976,
        977,
        978,
        979,
        980,
        981,
        982,
        983,
        984,
        985,
        986,
        987,
        988,
        989,
        990,
        991,
        992,
        993,
        994,
        995,
        996,
        997,
        998,
        999,
        1000,
        1001,
        1002,
        1003,
        1004,
        1005,
        1006,
        1007,
        1008,
        1009,
        1010,
        1011,
        1012,
        1013,
        1014,
        1015,
        1016,
        1017,
        1018,
        1019,
        1020,
        1021,
        1022,
        1023,
        1024,
        1025,
        1026,
        1027,
        1028,
        1029,
        1030,
        1031,
        1032,
        1033,
        1034,
        1035,
        1036,
        1037,
        1038,
        1039,
        1040,
        1041,
        1042,
        1043,
        1044,
        1045,
        1046,
        1047,
        1048,
        1049,
        1050,
        1051,
        1052,
        1053,
        1054,
        1055,
        1056,
        1057,
        1058,
        1059,
        1060,
        1061,
        1062,
        1063,
        1064,
        1065,
        1066,
        1067,
        1068,
        1069,
        1070,
        1071,
        1072,
        1073,
        1074,
        1075,
        1076,
        1077,
        1078,
        1079,
        1080,
        1081,
        1082,
        1083,
        1084,
        1085,
        1086,
        1087,
        1088,
        1089,
        1090,
        1091,
        1092,
        1093,
        1094,
        1095,
        1096,
        1097,
        1098,
        1099,
        1100,
        1101,
        1102,
        1103,
        1104,
        1105,
        1106,
        1107,
        1108,
        1109,
        1110,
        1111,
        1112,
        1113,
        1114,
        1115,
        1116,
        1117,
        1118,
        1119,
        1120,
        1121,
        1122,
        1123,
        1124,
        1125,
        1126,
        1127,
        1128,
        1129,
        1130,
        1131,
        1132,
        1133,
        1134,
        1135,
        1136,
        1137,
        1138,
        1139,
        1140,
        1141,
        1142,
        1143,
        1144,
        1145,
        1146,
        1147,
        1148,
        1149,
        1150,
        1151,
        1152,
        1153,
        1154,
        1155,
        1156,
        1157,
        1158,
        1159,
        1160,
        1161,
        1162,
        1163,
        1164,
        1165,
        1166,
        1167,
        1168,
        1169,
        1170,
        1171,
        1172,
        1173,
        1174,
        1175,
        1176,
        1177,
        1178,
        1179,
        1180,
        1181,
        1182,
        1183,
        1184,
        1185,
        1186,
        1187,
        1188,
        1189,
        1190,
        1191,
        1192,
        1193,
        1194,
        1195,
        1196,
        1197,
        1198,
        1199,
    ],
    type='metrics.video_quality_assessment.nn_based.GSTVQA')
work_dir = './output'

2024/11/21 00:59:48 - mmengine - INFO - Distributed training is not used, all SyncBatchNorm (SyncBN) layers in the model will be automatically reverted to BatchNormXd layers if they are used.
2024/11/21 00:59:48 - mmengine - INFO - Hooks will be executed in the following order:
before_run:
(VERY_HIGH   ) RuntimeInfoHook                    
(BELOW_NORMAL) LoggerHook                         
 -------------------- 
before_train:
(VERY_HIGH   ) RuntimeInfoHook                    
(NORMAL      ) IterTimerHook                      
(VERY_LOW    ) CheckpointHook                     
 -------------------- 
before_train_epoch:
(VERY_HIGH   ) RuntimeInfoHook                    
(NORMAL      ) IterTimerHook                      
(NORMAL      ) DistSamplerSeedHook                
 -------------------- 
before_train_iter:
(VERY_HIGH   ) RuntimeInfoHook                    
(NORMAL      ) IterTimerHook                      
 -------------------- 
after_train_iter:
(VERY_HIGH   ) RuntimeInfoHook                    
(NORMAL      ) IterTimerHook                      
(BELOW_NORMAL) LoggerHook                         
(LOW         ) ParamSchedulerHook                 
(VERY_LOW    ) CheckpointHook                     
 -------------------- 
after_train_epoch:
(NORMAL      ) IterTimerHook                      
(LOW         ) ParamSchedulerHook                 
(VERY_LOW    ) CheckpointHook                     
 -------------------- 
before_val:
(VERY_HIGH   ) RuntimeInfoHook                    
 -------------------- 
before_val_epoch:
(NORMAL      ) IterTimerHook                      
 -------------------- 
before_val_iter:
(NORMAL      ) IterTimerHook                      
 -------------------- 
after_val_iter:
(NORMAL      ) IterTimerHook                      
(BELOW_NORMAL) LoggerHook                         
 -------------------- 
after_val_epoch:
(VERY_HIGH   ) RuntimeInfoHook                    
(NORMAL      ) IterTimerHook                      
(BELOW_NORMAL) LoggerHook                         
(LOW         ) ParamSchedulerHook                 
(VERY_LOW    ) CheckpointHook                     
 -------------------- 
after_val:
(VERY_HIGH   ) RuntimeInfoHook                    
 -------------------- 
after_train:
(VERY_HIGH   ) RuntimeInfoHook                    
(VERY_LOW    ) CheckpointHook                     
 -------------------- 
before_test:
(VERY_HIGH   ) RuntimeInfoHook                    
 -------------------- 
before_test_epoch:
(NORMAL      ) IterTimerHook                      
 -------------------- 
before_test_iter:
(NORMAL      ) IterTimerHook                      
 -------------------- 
after_test_iter:
(NORMAL      ) IterTimerHook                      
(BELOW_NORMAL) LoggerHook                         
 -------------------- 
after_test_epoch:
(VERY_HIGH   ) RuntimeInfoHook                    
(NORMAL      ) IterTimerHook                      
(BELOW_NORMAL) LoggerHook                         
 -------------------- 
after_test:
(VERY_HIGH   ) RuntimeInfoHook                    
 -------------------- 
after_run:
(BELOW_NORMAL) LoggerHook                         
 -------------------- 
2024/11/21 00:59:56 - mmengine - WARNING - Dataset GSTVQADataset has no metainfo. ``dataset_meta`` in evaluator, metric and visualizer will be None.
2024/11/21 00:59:59 - mmengine - INFO - Epoch(val)[0][  10/1200]    eta: 0:04:18  time: 0.2175  data_time: 0.0404  memory: 7746  
2024/11/21 00:59:59 - mmengine - INFO - Epoch(val)[0][  20/1200]    eta: 0:02:42  time: 0.0584  data_time: 0.0120  memory: 7746  
2024/11/21 01:00:00 - mmengine - INFO - Epoch(val)[0][  30/1200]    eta: 0:02:10  time: 0.0582  data_time: 0.0123  memory: 7746  
2024/11/21 01:00:00 - mmengine - INFO - Epoch(val)[0][  40/1200]    eta: 0:01:53  time: 0.0580  data_time: 0.0123  memory: 7746  
2024/11/21 01:00:01 - mmengine - INFO - Epoch(val)[0][  50/1200]    eta: 0:01:43  time: 0.0582  data_time: 0.0126  memory: 7746  
2024/11/21 01:00:02 - mmengine - INFO - Epoch(val)[0][  60/1200]    eta: 0:01:36  time: 0.0579  data_time: 0.0126  memory: 7746  
2024/11/21 01:00:02 - mmengine - INFO - Epoch(val)[0][  70/1200]    eta: 0:01:31  time: 0.0601  data_time: 0.0128  memory: 7746  
2024/11/21 01:00:03 - mmengine - INFO - Epoch(val)[0][  80/1200]    eta: 0:01:27  time: 0.0594  data_time: 0.0136  memory: 7746  
2024/11/21 01:00:03 - mmengine - INFO - Epoch(val)[0][  90/1200]    eta: 0:01:24  time: 0.0584  data_time: 0.0129  memory: 7746  
2024/11/21 01:00:04 - mmengine - INFO - Epoch(val)[0][ 100/1200]    eta: 0:01:21  time: 0.0588  data_time: 0.0124  memory: 7746  
2024/11/21 01:00:05 - mmengine - INFO - Epoch(val)[0][ 110/1200]    eta: 0:01:19  time: 0.0581  data_time: 0.0125  memory: 7746  
2024/11/21 01:00:05 - mmengine - INFO - Epoch(val)[0][ 120/1200]    eta: 0:01:17  time: 0.0578  data_time: 0.0124  memory: 7746  
2024/11/21 01:00:06 - mmengine - INFO - Epoch(val)[0][ 130/1200]    eta: 0:01:15  time: 0.0585  data_time: 0.0120  memory: 7746  
2024/11/21 01:00:06 - mmengine - INFO - Epoch(val)[0][ 140/1200]    eta: 0:01:14  time: 0.0581  data_time: 0.0125  memory: 7746  
2024/11/21 01:00:07 - mmengine - INFO - Epoch(val)[0][ 150/1200]    eta: 0:01:12  time: 0.0581  data_time: 0.0122  memory: 7746  
2024/11/21 01:00:07 - mmengine - INFO - Epoch(val)[0][ 160/1200]    eta: 0:01:11  time: 0.0597  data_time: 0.0125  memory: 7746  
2024/11/21 01:00:08 - mmengine - INFO - Epoch(val)[0][ 170/1200]    eta: 0:01:09  time: 0.0585  data_time: 0.0130  memory: 7746  
2024/11/21 01:00:09 - mmengine - INFO - Epoch(val)[0][ 180/1200]    eta: 0:01:08  time: 0.0581  data_time: 0.0122  memory: 7746  
2024/11/21 01:00:09 - mmengine - INFO - Epoch(val)[0][ 190/1200]    eta: 0:01:07  time: 0.0578  data_time: 0.0125  memory: 7746  
2024/11/21 01:00:10 - mmengine - INFO - Epoch(val)[0][ 200/1200]    eta: 0:01:06  time: 0.0591  data_time: 0.0126  memory: 7746  
2024/11/21 01:00:10 - mmengine - INFO - Epoch(val)[0][ 210/1200]    eta: 0:01:05  time: 0.0583  data_time: 0.0125  memory: 7746  
2024/11/21 01:00:11 - mmengine - INFO - Epoch(val)[0][ 220/1200]    eta: 0:01:04  time: 0.0578  data_time: 0.0121  memory: 7746  
2024/11/21 01:00:12 - mmengine - INFO - Epoch(val)[0][ 230/1200]    eta: 0:01:03  time: 0.0594  data_time: 0.0126  memory: 7746  
2024/11/21 01:00:12 - mmengine - INFO - Epoch(val)[0][ 240/1200]    eta: 0:01:02  time: 0.0588  data_time: 0.0129  memory: 7746  
2024/11/21 01:00:13 - mmengine - INFO - Epoch(val)[0][ 250/1200]    eta: 0:01:01  time: 0.0605  data_time: 0.0136  memory: 7746  
2024/11/21 01:00:13 - mmengine - INFO - Epoch(val)[0][ 260/1200]    eta: 0:01:00  time: 0.0582  data_time: 0.0121  memory: 7746  
2024/11/21 01:00:14 - mmengine - INFO - Epoch(val)[0][ 270/1200]    eta: 0:00:59  time: 0.0579  data_time: 0.0121  memory: 7746  
2024/11/21 01:00:15 - mmengine - INFO - Epoch(val)[0][ 280/1200]    eta: 0:00:59  time: 0.0588  data_time: 0.0124  memory: 7746  
2024/11/21 01:00:15 - mmengine - INFO - Epoch(val)[0][ 290/1200]    eta: 0:00:58  time: 0.0578  data_time: 0.0127  memory: 7746  
2024/11/21 01:00:16 - mmengine - INFO - Epoch(val)[0][ 300/1200]    eta: 0:00:57  time: 0.0596  data_time: 0.0124  memory: 7746  
2024/11/21 01:00:16 - mmengine - INFO - Epoch(val)[0][ 310/1200]    eta: 0:00:56  time: 0.0591  data_time: 0.0131  memory: 7746  
2024/11/21 01:00:17 - mmengine - INFO - Epoch(val)[0][ 320/1200]    eta: 0:00:55  time: 0.0587  data_time: 0.0125  memory: 7746  
2024/11/21 01:00:17 - mmengine - INFO - Epoch(val)[0][ 330/1200]    eta: 0:00:55  time: 0.0599  data_time: 0.0134  memory: 7746  
2024/11/21 01:00:18 - mmengine - INFO - Epoch(val)[0][ 340/1200]    eta: 0:00:54  time: 0.0587  data_time: 0.0127  memory: 7746  
2024/11/21 01:00:19 - mmengine - INFO - Epoch(val)[0][ 350/1200]    eta: 0:00:53  time: 0.0591  data_time: 0.0125  memory: 7746  
2024/11/21 01:00:19 - mmengine - INFO - Epoch(val)[0][ 360/1200]    eta: 0:00:52  time: 0.0581  data_time: 0.0125  memory: 7746  
2024/11/21 01:00:20 - mmengine - INFO - Epoch(val)[0][ 370/1200]    eta: 0:00:52  time: 0.0583  data_time: 0.0129  memory: 7746  
2024/11/21 01:00:20 - mmengine - INFO - Epoch(val)[0][ 380/1200]    eta: 0:00:51  time: 0.0582  data_time: 0.0122  memory: 7746  
2024/11/21 01:00:21 - mmengine - INFO - Epoch(val)[0][ 390/1200]    eta: 0:00:50  time: 0.0582  data_time: 0.0125  memory: 7746  
2024/11/21 01:00:22 - mmengine - INFO - Epoch(val)[0][ 400/1200]    eta: 0:00:50  time: 0.0599  data_time: 0.0135  memory: 7746  
2024/11/21 01:00:22 - mmengine - INFO - Epoch(val)[0][ 410/1200]    eta: 0:00:49  time: 0.0629  data_time: 0.0155  memory: 7746  
2024/11/21 01:00:23 - mmengine - INFO - Epoch(val)[0][ 420/1200]    eta: 0:00:48  time: 0.0621  data_time: 0.0139  memory: 7746  
2024/11/21 01:00:23 - mmengine - INFO - Epoch(val)[0][ 430/1200]    eta: 0:00:48  time: 0.0590  data_time: 0.0130  memory: 7746  
2024/11/21 01:00:24 - mmengine - INFO - Epoch(val)[0][ 440/1200]    eta: 0:00:47  time: 0.0587  data_time: 0.0126  memory: 7746  
2024/11/21 01:00:25 - mmengine - INFO - Epoch(val)[0][ 450/1200]    eta: 0:00:46  time: 0.0594  data_time: 0.0129  memory: 7746  
2024/11/21 01:00:25 - mmengine - INFO - Epoch(val)[0][ 460/1200]    eta: 0:00:46  time: 0.0588  data_time: 0.0127  memory: 7746  
2024/11/21 01:00:26 - mmengine - INFO - Epoch(val)[0][ 470/1200]    eta: 0:00:45  time: 0.0595  data_time: 0.0126  memory: 7746  
2024/11/21 01:00:26 - mmengine - INFO - Epoch(val)[0][ 480/1200]    eta: 0:00:44  time: 0.0593  data_time: 0.0128  memory: 7746  
2024/11/21 01:00:27 - mmengine - INFO - Epoch(val)[0][ 490/1200]    eta: 0:00:44  time: 0.0593  data_time: 0.0127  memory: 7746  
2024/11/21 01:00:28 - mmengine - INFO - Epoch(val)[0][ 500/1200]    eta: 0:00:43  time: 0.0603  data_time: 0.0132  memory: 7746  
2024/11/21 01:00:28 - mmengine - INFO - Epoch(val)[0][ 510/1200]    eta: 0:00:42  time: 0.0592  data_time: 0.0125  memory: 7746  
2024/11/21 01:00:29 - mmengine - INFO - Epoch(val)[0][ 520/1200]    eta: 0:00:42  time: 0.0596  data_time: 0.0126  memory: 7746  
2024/11/21 01:00:29 - mmengine - INFO - Epoch(val)[0][ 530/1200]    eta: 0:00:41  time: 0.0592  data_time: 0.0126  memory: 7746  
2024/11/21 01:00:30 - mmengine - INFO - Epoch(val)[0][ 540/1200]    eta: 0:00:40  time: 0.0596  data_time: 0.0140  memory: 7746  
2024/11/21 01:00:31 - mmengine - INFO - Epoch(val)[0][ 550/1200]    eta: 0:00:40  time: 0.0595  data_time: 0.0126  memory: 7746  
2024/11/21 01:00:31 - mmengine - INFO - Epoch(val)[0][ 560/1200]    eta: 0:00:39  time: 0.0599  data_time: 0.0132  memory: 7746  
2024/11/21 01:00:32 - mmengine - INFO - Epoch(val)[0][ 570/1200]    eta: 0:00:38  time: 0.0597  data_time: 0.0130  memory: 7746  
2024/11/21 01:00:32 - mmengine - INFO - Epoch(val)[0][ 580/1200]    eta: 0:00:38  time: 0.0614  data_time: 0.0137  memory: 7746  
2024/11/21 01:00:33 - mmengine - INFO - Epoch(val)[0][ 590/1200]    eta: 0:00:37  time: 0.0586  data_time: 0.0121  memory: 7746  
2024/11/21 01:00:34 - mmengine - INFO - Epoch(val)[0][ 600/1200]    eta: 0:00:36  time: 0.0587  data_time: 0.0123  memory: 7746  
2024/11/21 01:00:34 - mmengine - INFO - Epoch(val)[0][ 610/1200]    eta: 0:00:36  time: 0.0584  data_time: 0.0124  memory: 7746  
2024/11/21 01:00:35 - mmengine - INFO - Epoch(val)[0][ 620/1200]    eta: 0:00:35  time: 0.0582  data_time: 0.0124  memory: 7746  
2024/11/21 01:00:35 - mmengine - INFO - Epoch(val)[0][ 630/1200]    eta: 0:00:35  time: 0.0588  data_time: 0.0129  memory: 7746  
2024/11/21 01:00:36 - mmengine - INFO - Epoch(val)[0][ 640/1200]    eta: 0:00:34  time: 0.0591  data_time: 0.0125  memory: 7746  
2024/11/21 01:00:36 - mmengine - INFO - Epoch(val)[0][ 650/1200]    eta: 0:00:33  time: 0.0582  data_time: 0.0120  memory: 7746  
2024/11/21 01:00:37 - mmengine - INFO - Epoch(val)[0][ 660/1200]    eta: 0:00:33  time: 0.0597  data_time: 0.0127  memory: 7746  
2024/11/21 01:00:38 - mmengine - INFO - Epoch(val)[0][ 670/1200]    eta: 0:00:32  time: 0.0600  data_time: 0.0129  memory: 7746  
2024/11/21 01:00:38 - mmengine - INFO - Epoch(val)[0][ 680/1200]    eta: 0:00:31  time: 0.0590  data_time: 0.0127  memory: 7746  
2024/11/21 01:00:39 - mmengine - INFO - Epoch(val)[0][ 690/1200]    eta: 0:00:31  time: 0.0592  data_time: 0.0128  memory: 7746  
2024/11/21 01:00:39 - mmengine - INFO - Epoch(val)[0][ 700/1200]    eta: 0:00:30  time: 0.0593  data_time: 0.0131  memory: 7746  
2024/11/21 01:00:40 - mmengine - INFO - Epoch(val)[0][ 710/1200]    eta: 0:00:30  time: 0.0588  data_time: 0.0123  memory: 7746  
2024/11/21 01:00:41 - mmengine - INFO - Epoch(val)[0][ 720/1200]    eta: 0:00:29  time: 0.0585  data_time: 0.0125  memory: 7746  
2024/11/21 01:00:41 - mmengine - INFO - Epoch(val)[0][ 730/1200]    eta: 0:00:28  time: 0.0589  data_time: 0.0130  memory: 7746  
2024/11/21 01:00:42 - mmengine - INFO - Epoch(val)[0][ 740/1200]    eta: 0:00:28  time: 0.0590  data_time: 0.0120  memory: 7746  
2024/11/21 01:00:42 - mmengine - INFO - Epoch(val)[0][ 750/1200]    eta: 0:00:27  time: 0.0593  data_time: 0.0126  memory: 7746  
2024/11/21 01:00:43 - mmengine - INFO - Epoch(val)[0][ 760/1200]    eta: 0:00:26  time: 0.0588  data_time: 0.0123  memory: 7746  
2024/11/21 01:00:44 - mmengine - INFO - Epoch(val)[0][ 770/1200]    eta: 0:00:26  time: 0.0585  data_time: 0.0123  memory: 7746  
2024/11/21 01:00:44 - mmengine - INFO - Epoch(val)[0][ 780/1200]    eta: 0:00:25  time: 0.0583  data_time: 0.0126  memory: 7746  
2024/11/21 01:00:45 - mmengine - INFO - Epoch(val)[0][ 790/1200]    eta: 0:00:25  time: 0.0594  data_time: 0.0123  memory: 7746  
2024/11/21 01:00:45 - mmengine - INFO - Epoch(val)[0][ 800/1200]    eta: 0:00:24  time: 0.0588  data_time: 0.0124  memory: 7746  
2024/11/21 01:00:46 - mmengine - INFO - Epoch(val)[0][ 810/1200]    eta: 0:00:23  time: 0.0590  data_time: 0.0120  memory: 7746  
2024/11/21 01:00:47 - mmengine - INFO - Epoch(val)[0][ 820/1200]    eta: 0:00:23  time: 0.0588  data_time: 0.0124  memory: 7746  
2024/11/21 01:00:47 - mmengine - INFO - Epoch(val)[0][ 830/1200]    eta: 0:00:22  time: 0.0593  data_time: 0.0123  memory: 7746  
2024/11/21 01:00:48 - mmengine - INFO - Epoch(val)[0][ 840/1200]    eta: 0:00:21  time: 0.0602  data_time: 0.0128  memory: 7746  
2024/11/21 01:00:48 - mmengine - INFO - Epoch(val)[0][ 850/1200]    eta: 0:00:21  time: 0.0597  data_time: 0.0123  memory: 7746  
2024/11/21 01:00:49 - mmengine - INFO - Epoch(val)[0][ 860/1200]    eta: 0:00:20  time: 0.0588  data_time: 0.0124  memory: 7746  
2024/11/21 01:00:49 - mmengine - INFO - Epoch(val)[0][ 870/1200]    eta: 0:00:20  time: 0.0591  data_time: 0.0126  memory: 7746  
2024/11/21 01:00:50 - mmengine - INFO - Epoch(val)[0][ 880/1200]    eta: 0:00:19  time: 0.0592  data_time: 0.0125  memory: 7746  
2024/11/21 01:00:51 - mmengine - INFO - Epoch(val)[0][ 890/1200]    eta: 0:00:18  time: 0.0592  data_time: 0.0125  memory: 7746  
2024/11/21 01:00:51 - mmengine - INFO - Epoch(val)[0][ 900/1200]    eta: 0:00:18  time: 0.0595  data_time: 0.0126  memory: 7746  
2024/11/21 01:00:52 - mmengine - INFO - Epoch(val)[0][ 910/1200]    eta: 0:00:17  time: 0.0588  data_time: 0.0123  memory: 7746  
2024/11/21 01:00:52 - mmengine - INFO - Epoch(val)[0][ 920/1200]    eta: 0:00:17  time: 0.0593  data_time: 0.0128  memory: 7746  
2024/11/21 01:00:53 - mmengine - INFO - Epoch(val)[0][ 930/1200]    eta: 0:00:16  time: 0.0597  data_time: 0.0125  memory: 7746  
2024/11/21 01:00:54 - mmengine - INFO - Epoch(val)[0][ 940/1200]    eta: 0:00:15  time: 0.0590  data_time: 0.0122  memory: 7746  
2024/11/21 01:00:54 - mmengine - INFO - Epoch(val)[0][ 950/1200]    eta: 0:00:15  time: 0.0589  data_time: 0.0124  memory: 7746  
2024/11/21 01:00:55 - mmengine - INFO - Epoch(val)[0][ 960/1200]    eta: 0:00:14  time: 0.0591  data_time: 0.0123  memory: 7746  
2024/11/21 01:00:55 - mmengine - INFO - Epoch(val)[0][ 970/1200]    eta: 0:00:13  time: 0.0586  data_time: 0.0123  memory: 7746  
2024/11/21 01:00:56 - mmengine - INFO - Epoch(val)[0][ 980/1200]    eta: 0:00:13  time: 0.0584  data_time: 0.0120  memory: 7746  
2024/11/21 01:00:57 - mmengine - INFO - Epoch(val)[0][ 990/1200]    eta: 0:00:12  time: 0.0588  data_time: 0.0120  memory: 7746  
2024/11/21 01:00:57 - mmengine - INFO - Epoch(val)[0][1000/1200]    eta: 0:00:12  time: 0.0590  data_time: 0.0124  memory: 7746  
2024/11/21 01:00:58 - mmengine - INFO - Epoch(val)[0][1010/1200]    eta: 0:00:11  time: 0.0596  data_time: 0.0129  memory: 7746  
2024/11/21 01:00:58 - mmengine - INFO - Epoch(val)[0][1020/1200]    eta: 0:00:10  time: 0.0585  data_time: 0.0120  memory: 7746  
2024/11/21 01:00:59 - mmengine - INFO - Epoch(val)[0][1030/1200]    eta: 0:00:10  time: 0.0596  data_time: 0.0126  memory: 7746  
2024/11/21 01:01:00 - mmengine - INFO - Epoch(val)[0][1040/1200]    eta: 0:00:09  time: 0.0599  data_time: 0.0119  memory: 7746  
2024/11/21 01:01:00 - mmengine - INFO - Epoch(val)[0][1050/1200]    eta: 0:00:09  time: 0.0588  data_time: 0.0117  memory: 7746  
2024/11/21 01:01:01 - mmengine - INFO - Epoch(val)[0][1060/1200]    eta: 0:00:08  time: 0.0589  data_time: 0.0125  memory: 7746  
2024/11/21 01:01:01 - mmengine - INFO - Epoch(val)[0][1070/1200]    eta: 0:00:07  time: 0.0588  data_time: 0.0123  memory: 7746  
2024/11/21 01:01:02 - mmengine - INFO - Epoch(val)[0][1080/1200]    eta: 0:00:07  time: 0.0589  data_time: 0.0123  memory: 7746  
2024/11/21 01:01:03 - mmengine - INFO - Epoch(val)[0][1090/1200]    eta: 0:00:06  time: 0.0603  data_time: 0.0133  memory: 7746  
2024/11/21 01:01:03 - mmengine - INFO - Epoch(val)[0][1100/1200]    eta: 0:00:06  time: 0.0600  data_time: 0.0128  memory: 7746  
2024/11/21 01:01:04 - mmengine - INFO - Epoch(val)[0][1110/1200]    eta: 0:00:05  time: 0.0594  data_time: 0.0126  memory: 7746  
2024/11/21 01:01:04 - mmengine - INFO - Epoch(val)[0][1120/1200]    eta: 0:00:04  time: 0.0590  data_time: 0.0120  memory: 7746  
2024/11/21 01:01:05 - mmengine - INFO - Epoch(val)[0][1130/1200]    eta: 0:00:04  time: 0.0586  data_time: 0.0122  memory: 7746  
2024/11/21 01:01:05 - mmengine - INFO - Epoch(val)[0][1140/1200]    eta: 0:00:03  time: 0.0598  data_time: 0.0121  memory: 7746  
2024/11/21 01:01:06 - mmengine - INFO - Epoch(val)[0][1150/1200]    eta: 0:00:03  time: 0.0584  data_time: 0.0122  memory: 7746  
2024/11/21 01:01:07 - mmengine - INFO - Epoch(val)[0][1160/1200]    eta: 0:00:02  time: 0.0594  data_time: 0.0124  memory: 7746  
2024/11/21 01:01:07 - mmengine - INFO - Epoch(val)[0][1170/1200]    eta: 0:00:01  time: 0.0596  data_time: 0.0126  memory: 7746  
2024/11/21 01:01:08 - mmengine - INFO - Epoch(val)[0][1180/1200]    eta: 0:00:01  time: 0.0606  data_time: 0.0130  memory: 7746  
2024/11/21 01:01:08 - mmengine - INFO - Epoch(val)[0][1190/1200]    eta: 0:00:00  time: 0.0588  data_time: 0.0123  memory: 7746  
2024/11/21 01:01:09 - mmengine - INFO - Epoch(val)[0][1200/1200]    eta: 0:00:00  time: 0.0582  data_time: 0.0116  memory: 7746  
2024/11/21 01:01:09 - mmengine - INFO - Epoch(val) [0][1200/1200]    llm_score/PLCC: 0.8141  llm_score/SROCC: 0.8128  llm_score/RMSE: 0.3789  llm_score/KROCC: 0.6243  data_time: 0.0128  time: 0.0604
